[11-Oct-2017 00:29:54 UTC] PHP Warning:  include(/master.php): failed to open stream: No such file or directory in /home/ubuntu/workspace/projects/media/index.php on line 4
[11-Oct-2017 00:29:54 UTC] PHP Stack trace:
[11-Oct-2017 00:29:54 UTC] PHP   1. {main}() /home/ubuntu/workspace/projects/media/index.php:0
[11-Oct-2017 00:29:54 UTC] PHP Warning:  include(): Failed opening '/master.php' for inclusion (include_path='.:/usr/share/php:/usr/share/pear') in /home/ubuntu/workspace/projects/media/index.php on line 4
[11-Oct-2017 00:29:54 UTC] PHP Stack trace:
[11-Oct-2017 00:29:54 UTC] PHP   1. {main}() /home/ubuntu/workspace/projects/media/index.php:0
[11-Oct-2017 00:30:17 UTC] PHP Warning:  include(content/_ui-graphics.php): failed to open stream: No such file or directory in /home/ubuntu/workspace/master.php on line 88
[11-Oct-2017 00:30:17 UTC] PHP Stack trace:
[11-Oct-2017 00:30:17 UTC] PHP   1. {main}() /home/ubuntu/workspace/projects/media/index.php:0
[11-Oct-2017 00:30:17 UTC] PHP   2. include() /home/ubuntu/workspace/projects/media/index.php:4
[11-Oct-2017 00:30:17 UTC] PHP Warning:  include(): Failed opening 'content/_ui-graphics.php' for inclusion (include_path='.:/usr/share/php:/usr/share/pear') in /home/ubuntu/workspace/master.php on line 88
[11-Oct-2017 00:30:17 UTC] PHP Stack trace:
[11-Oct-2017 00:30:17 UTC] PHP   1. {main}() /home/ubuntu/workspace/projects/media/index.php:0
[11-Oct-2017 00:30:17 UTC] PHP   2. include() /home/ubuntu/workspace/projects/media/index.php:4
[11-Oct-2017 00:30:17 UTC] PHP Warning:  include(content/contactInfo.php): failed to open stream: No such file or directory in /home/ubuntu/workspace/content/footer.php on line 2
[11-Oct-2017 00:30:17 UTC] PHP Stack trace:
[11-Oct-2017 00:30:17 UTC] PHP   1. {main}() /home/ubuntu/workspace/projects/media/index.php:0
[11-Oct-2017 00:30:17 UTC] PHP   2. include() /home/ubuntu/workspace/projects/media/index.php:4
[11-Oct-2017 00:30:17 UTC] PHP   3. include() /home/ubuntu/workspace/master.php:89
[11-Oct-2017 00:30:17 UTC] PHP Warning:  include(): Failed opening 'content/contactInfo.php' for inclusion (include_path='.:/usr/share/php:/usr/share/pear') in /home/ubuntu/workspace/content/footer.php on line 2
[11-Oct-2017 00:30:17 UTC] PHP Stack trace:
[11-Oct-2017 00:30:17 UTC] PHP   1. {main}() /home/ubuntu/workspace/projects/media/index.php:0
[11-Oct-2017 00:30:17 UTC] PHP   2. include() /home/ubuntu/workspace/projects/media/index.php:4
[11-Oct-2017 00:30:17 UTC] PHP   3. include() /home/ubuntu/workspace/master.php:89
[11-Oct-2017 00:30:31 UTC] PHP Warning:  include(content/contactInfo.php): failed to open stream: No such file or directory in /home/ubuntu/workspace/content/footer.php on line 2
[11-Oct-2017 00:30:31 UTC] PHP Stack trace:
[11-Oct-2017 00:30:31 UTC] PHP   1. {main}() /home/ubuntu/workspace/projects/media/index.php:0
[11-Oct-2017 00:30:31 UTC] PHP   2. include() /home/ubuntu/workspace/projects/media/index.php:4
[11-Oct-2017 00:30:31 UTC] PHP   3. include() /home/ubuntu/workspace/master.php:89
[11-Oct-2017 00:30:31 UTC] PHP Warning:  include(): Failed opening 'content/contactInfo.php' for inclusion (include_path='.:/usr/share/php:/usr/share/pear') in /home/ubuntu/workspace/content/footer.php on line 2
[11-Oct-2017 00:30:31 UTC] PHP Stack trace:
[11-Oct-2017 00:30:31 UTC] PHP   1. {main}() /home/ubuntu/workspace/projects/media/index.php:0
[11-Oct-2017 00:30:31 UTC] PHP   2. include() /home/ubuntu/workspace/projects/media/index.php:4
[11-Oct-2017 00:30:31 UTC] PHP   3. include() /home/ubuntu/workspace/master.php:89
[11-Oct-2017 00:31:40 UTC] PHP Warning:  include(/content/navigation.php): failed to open stream: No such file or directory in /home/ubuntu/workspace/master.php on line 87
[11-Oct-2017 00:31:40 UTC] PHP Stack trace:
[11-Oct-2017 00:31:40 UTC] PHP   1. {main}() /home/ubuntu/workspace/projects/media/index.php:0
[11-Oct-2017 00:31:40 UTC] PHP   2. include() /home/ubuntu/workspace/projects/media/index.php:4
[11-Oct-2017 00:31:40 UTC] PHP Warning:  include(): Failed opening '/content/navigation.php' for inclusion (include_path='.:/usr/share/php:/usr/share/pear') in /home/ubuntu/workspace/master.php on line 87
[11-Oct-2017 00:31:40 UTC] PHP Stack trace:
[11-Oct-2017 00:31:40 UTC] PHP   1. {main}() /home/ubuntu/workspace/projects/media/index.php:0
[11-Oct-2017 00:31:40 UTC] PHP   2. include() /home/ubuntu/workspace/projects/media/index.php:4
[11-Oct-2017 00:31:40 UTC] PHP Warning:  include(/content/_ui-graphics.php): failed to open stream: No such file or directory in /home/ubuntu/workspace/master.php on line 88
[11-Oct-2017 00:31:40 UTC] PHP Stack trace:
[11-Oct-2017 00:31:40 UTC] PHP   1. {main}() /home/ubuntu/workspace/projects/media/index.php:0
[11-Oct-2017 00:31:40 UTC] PHP   2. include() /home/ubuntu/workspace/projects/media/index.php:4
[11-Oct-2017 00:31:40 UTC] PHP Warning:  include(): Failed opening '/content/_ui-graphics.php' for inclusion (include_path='.:/usr/share/php:/usr/share/pear') in /home/ubuntu/workspace/master.php on line 88
[11-Oct-2017 00:31:40 UTC] PHP Stack trace:
[11-Oct-2017 00:31:40 UTC] PHP   1. {main}() /home/ubuntu/workspace/projects/media/index.php:0
[11-Oct-2017 00:31:40 UTC] PHP   2. include() /home/ubuntu/workspace/projects/media/index.php:4
[11-Oct-2017 00:31:40 UTC] PHP Warning:  include(/content/footer.php): failed to open stream: No such file or directory in /home/ubuntu/workspace/master.php on line 89
[11-Oct-2017 00:31:40 UTC] PHP Stack trace:
[11-Oct-2017 00:31:40 UTC] PHP   1. {main}() /home/ubuntu/workspace/projects/media/index.php:0
[11-Oct-2017 00:31:40 UTC] PHP   2. include() /home/ubuntu/workspace/projects/media/index.php:4
[11-Oct-2017 00:31:40 UTC] PHP Warning:  include(): Failed opening '/content/footer.php' for inclusion (include_path='.:/usr/share/php:/usr/share/pear') in /home/ubuntu/workspace/master.php on line 89
[11-Oct-2017 00:31:40 UTC] PHP Stack trace:
[11-Oct-2017 00:31:40 UTC] PHP   1. {main}() /home/ubuntu/workspace/projects/media/index.php:0
[11-Oct-2017 00:31:40 UTC] PHP   2. include() /home/ubuntu/workspace/projects/media/index.php:4
[11-Oct-2017 01:03:12 UTC] PHP Warning:  include(../master.php): failed to open stream: No such file or directory in /home/ubuntu/workspace/projects/media/index.php on line 4
[11-Oct-2017 01:03:12 UTC] PHP Stack trace:
[11-Oct-2017 01:03:12 UTC] PHP   1. {main}() /home/ubuntu/workspace/projects/media/index.php:0
[11-Oct-2017 01:03:12 UTC] PHP Warning:  include(): Failed opening '../master.php' for inclusion (include_path='.:/usr/share/php:/usr/share/pear') in /home/ubuntu/workspace/projects/media/index.php on line 4
[11-Oct-2017 01:03:12 UTC] PHP Stack trace:
[11-Oct-2017 01:03:12 UTC] PHP   1. {main}() /home/ubuntu/workspace/projects/media/index.php:0
[11-Oct-2017 01:05:03 UTC] PHP Warning:  include(../master.php): failed to open stream: No such file or directory in /home/ubuntu/workspace/projects/media/index.php on line 4
[11-Oct-2017 01:05:03 UTC] PHP Stack trace:
[11-Oct-2017 01:05:03 UTC] PHP   1. {main}() /home/ubuntu/workspace/projects/media/index.php:0
[11-Oct-2017 01:05:03 UTC] PHP Warning:  include(): Failed opening '../master.php' for inclusion (include_path='.:/usr/share/php:/usr/share/pear') in /home/ubuntu/workspace/projects/media/index.php on line 4
[11-Oct-2017 01:05:03 UTC] PHP Stack trace:
[11-Oct-2017 01:05:03 UTC] PHP   1. {main}() /home/ubuntu/workspace/projects/media/index.php:0
[11-Oct-2017 01:05:22 UTC] PHP Warning:  include(APP_ROOT/master.php): failed to open stream: No such file or directory in /home/ubuntu/workspace/projects/media/index.php on line 4
[11-Oct-2017 01:05:22 UTC] PHP Stack trace:
[11-Oct-2017 01:05:22 UTC] PHP   1. {main}() /home/ubuntu/workspace/projects/media/index.php:0
[11-Oct-2017 01:05:22 UTC] PHP Warning:  include(): Failed opening 'APP_ROOT/master.php' for inclusion (include_path='.:/usr/share/php:/usr/share/pear') in /home/ubuntu/workspace/projects/media/index.php on line 4
[11-Oct-2017 01:05:22 UTC] PHP Stack trace:
[11-Oct-2017 01:05:22 UTC] PHP   1. {main}() /home/ubuntu/workspace/projects/media/index.php:0
[11-Oct-2017 01:06:23 UTC] PHP Warning:  include(APP_ROOT/master.php): failed to open stream: No such file or directory in /home/ubuntu/workspace/projects/media/index.php on line 4
[11-Oct-2017 01:06:23 UTC] PHP Stack trace:
[11-Oct-2017 01:06:23 UTC] PHP   1. {main}() /home/ubuntu/workspace/projects/media/index.php:0
[11-Oct-2017 01:06:23 UTC] PHP Warning:  include(): Failed opening 'APP_ROOT/master.php' for inclusion (include_path='.:/usr/share/php:/usr/share/pear') in /home/ubuntu/workspace/projects/media/index.php on line 4
[11-Oct-2017 01:06:23 UTC] PHP Stack trace:
[11-Oct-2017 01:06:23 UTC] PHP   1. {main}() /home/ubuntu/workspace/projects/media/index.php:0
[11-Oct-2017 01:06:37 UTC] PHP Warning:  include(APP_ROOT/master.php): failed to open stream: No such file or directory in /home/ubuntu/workspace/projects/media/index.php on line 5
[11-Oct-2017 01:06:37 UTC] PHP Stack trace:
[11-Oct-2017 01:06:37 UTC] PHP   1. {main}() /home/ubuntu/workspace/projects/media/index.php:0
[11-Oct-2017 01:06:37 UTC] PHP Warning:  include(): Failed opening 'APP_ROOT/master.php' for inclusion (include_path='.:/usr/share/php:/usr/share/pear') in /home/ubuntu/workspace/projects/media/index.php on line 5
[11-Oct-2017 01:06:37 UTC] PHP Stack trace:
[11-Oct-2017 01:06:37 UTC] PHP   1. {main}() /home/ubuntu/workspace/projects/media/index.php:0
[11-Oct-2017 01:07:09 UTC] PHP Warning:  include(APP_ROOT/master.php): failed to open stream: No such file or directory in /home/ubuntu/workspace/projects/media/index.php on line 4
[11-Oct-2017 01:07:09 UTC] PHP Stack trace:
[11-Oct-2017 01:07:09 UTC] PHP   1. {main}() /home/ubuntu/workspace/projects/media/index.php:0
[11-Oct-2017 01:07:09 UTC] PHP Warning:  include(): Failed opening 'APP_ROOT/master.php' for inclusion (include_path='.:/usr/share/php:/usr/share/pear') in /home/ubuntu/workspace/projects/media/index.php on line 4
[11-Oct-2017 01:07:09 UTC] PHP Stack trace:
[11-Oct-2017 01:07:09 UTC] PHP   1. {main}() /home/ubuntu/workspace/projects/media/index.php:0
[11-Oct-2017 01:12:35 UTC] PHP Warning:  include(content/contactInfo.php): failed to open stream: No such file or directory in /home/ubuntu/workspace/content/footer.php on line 2
[11-Oct-2017 01:12:35 UTC] PHP Stack trace:
[11-Oct-2017 01:12:35 UTC] PHP   1. {main}() /home/ubuntu/workspace/projects/media/index.php:0
[11-Oct-2017 01:12:35 UTC] PHP   2. include() /home/ubuntu/workspace/projects/media/index.php:5
[11-Oct-2017 01:12:35 UTC] PHP   3. include() /home/ubuntu/workspace/master.php:90
[11-Oct-2017 01:12:35 UTC] PHP Warning:  include(): Failed opening 'content/contactInfo.php' for inclusion (include_path='.:/usr/share/php:/usr/share/pear') in /home/ubuntu/workspace/content/footer.php on line 2
[11-Oct-2017 01:12:35 UTC] PHP Stack trace:
[11-Oct-2017 01:12:35 UTC] PHP   1. {main}() /home/ubuntu/workspace/projects/media/index.php:0
[11-Oct-2017 01:12:35 UTC] PHP   2. include() /home/ubuntu/workspace/projects/media/index.php:5
[11-Oct-2017 01:12:35 UTC] PHP   3. include() /home/ubuntu/workspace/master.php:90
[04-Nov-2017 01:51:16 UTC] PHP Warning:  include(/home/ubuntu/workspace/content/_graphics.php): failed to open stream: No such file or directory in /home/ubuntu/workspace/master.php on line 77
[04-Nov-2017 01:51:16 UTC] PHP Stack trace:
[04-Nov-2017 01:51:16 UTC] PHP   1. {main}() /home/ubuntu/workspace/projects/media/index.php:0
[04-Nov-2017 01:51:16 UTC] PHP   2. include() /home/ubuntu/workspace/projects/media/index.php:5
[04-Nov-2017 01:51:16 UTC] PHP Warning:  include(): Failed opening '/home/ubuntu/workspace/content/_graphics.php' for inclusion (include_path='.:/usr/share/php:/usr/share/pear') in /home/ubuntu/workspace/master.php on line 77
[04-Nov-2017 01:51:16 UTC] PHP Stack trace:
[04-Nov-2017 01:51:16 UTC] PHP   1. {main}() /home/ubuntu/workspace/projects/media/index.php:0
[04-Nov-2017 01:51:16 UTC] PHP   2. include() /home/ubuntu/workspace/projects/media/index.php:5
[05-Nov-2017 01:21:52 UTC] PHP Parse error:  syntax error, unexpected '<' in /home/ubuntu/workspace/content/footer.php on line 16
[05-Nov-2017 01:21:52 UTC] PHP Stack trace:
[05-Nov-2017 01:21:52 UTC] PHP   1. {main}() /home/ubuntu/workspace/projects/web-development/index.php:0
[05-Nov-2017 01:21:52 UTC] PHP   2. include() /home/ubuntu/workspace/projects/web-development/index.php:5
[05-Nov-2017 01:23:00 UTC] PHP Parse error:  syntax error, unexpected '<' in /home/ubuntu/workspace/content/footer.php on line 16
[05-Nov-2017 01:23:00 UTC] PHP Stack trace:
[05-Nov-2017 01:23:00 UTC] PHP   1. {main}() /home/ubuntu/workspace/projects/web-development/index.php:0
[05-Nov-2017 01:23:00 UTC] PHP   2. include() /home/ubuntu/workspace/projects/web-development/index.php:5
